{"C:\\Novatec_Workspace\\curso_nodejs\\app.js":{"path":"C:\\Novatec_Workspace\\curso_nodejs\\app.js","s":{"1":1,"2":1,"3":1,"4":1,"5":1,"6":1,"7":1,"8":1,"9":1,"10":1,"11":7,"12":7,"13":1,"14":1,"15":1,"16":1,"17":1,"18":1,"19":1,"20":1},"b":{"1":[1,0]},"f":{"1":7,"2":1,"3":1},"fnMap":{"1":{"name":"(anonymous_1)","line":20,"loc":{"start":{"line":20,"column":8},"end":{"line":20,"column":41}}},"2":{"name":"(anonymous_2)","line":27,"loc":{"start":{"line":27,"column":8},"end":{"line":27,"column":41}}},"3":{"name":"(anonymous_3)","line":33,"loc":{"start":{"line":33,"column":8},"end":{"line":33,"column":48}}}},"statementMap":{"1":{"start":{"line":4,"column":0},"end":{"line":4,"column":33}},"2":{"start":{"line":5,"column":0},"end":{"line":5,"column":20}},"3":{"start":{"line":6,"column":0},"end":{"line":6,"column":40}},"4":{"start":{"line":7,"column":0},"end":{"line":7,"column":46}},"5":{"start":{"line":8,"column":0},"end":{"line":8,"column":35}},"6":{"start":{"line":10,"column":0},"end":{"line":10,"column":31}},"7":{"start":{"line":12,"column":0},"end":{"line":15,"column":3}},"8":{"start":{"line":17,"column":0},"end":{"line":17,"column":27}},"9":{"start":{"line":18,"column":0},"end":{"line":18,"column":50}},"10":{"start":{"line":20,"column":0},"end":{"line":23,"column":3}},"11":{"start":{"line":21,"column":1},"end":{"line":21,"column":27}},"12":{"start":{"line":22,"column":1},"end":{"line":22,"column":8}},"13":{"start":{"line":25,"column":0},"end":{"line":25,"column":29}},"14":{"start":{"line":27,"column":0},"end":{"line":31,"column":3}},"15":{"start":{"line":28,"column":1},"end":{"line":28,"column":42}},"16":{"start":{"line":29,"column":1},"end":{"line":29,"column":20}},"17":{"start":{"line":30,"column":1},"end":{"line":30,"column":13}},"18":{"start":{"line":33,"column":0},"end":{"line":35,"column":3}},"19":{"start":{"line":34,"column":1},"end":{"line":34,"column":50}},"20":{"start":{"line":37,"column":0},"end":{"line":37,"column":21}}},"branchMap":{"1":{"line":34,"type":"binary-expr","locations":[{"start":{"line":34,"column":17},"end":{"line":34,"column":29}},{"start":{"line":34,"column":33},"end":{"line":34,"column":36}}]}}},"C:\\Novatec_Workspace\\curso_nodejs\\routes\\index.js":{"path":"C:\\Novatec_Workspace\\curso_nodejs\\routes\\index.js","s":{"1":1,"2":1,"3":1,"4":1,"5":1,"6":1,"7":1},"b":{},"f":{},"fnMap":{},"statementMap":{"1":{"start":{"line":4,"column":0},"end":{"line":4,"column":41}},"2":{"start":{"line":5,"column":0},"end":{"line":5,"column":61}},"3":{"start":{"line":8,"column":0},"end":{"line":8,"column":38}},"4":{"start":{"line":9,"column":0},"end":{"line":9,"column":41}},"5":{"start":{"line":11,"column":0},"end":{"line":11,"column":51}},"6":{"start":{"line":12,"column":0},"end":{"line":12,"column":37}},"7":{"start":{"line":14,"column":0},"end":{"line":14,"column":24}}},"branchMap":{}},"C:\\Novatec_Workspace\\curso_nodejs\\controller\\MainController.js":{"path":"C:\\Novatec_Workspace\\curso_nodejs\\controller\\MainController.js","s":{"1":1,"2":1,"3":1,"4":1,"5":0,"6":0,"7":1},"b":{},"f":{"1":1,"2":0,"3":0},"fnMap":{"1":{"name":"(anonymous_1)","line":5,"loc":{"start":{"line":5,"column":8},"end":{"line":5,"column":42}}},"2":{"name":"(anonymous_2)","line":14,"loc":{"start":{"line":14,"column":12},"end":{"line":14,"column":46}}},"3":{"name":"(anonymous_3)","line":17,"loc":{"start":{"line":17,"column":7},"end":{"line":17,"column":40}}}},"statementMap":{"1":{"start":{"line":4,"column":0},"end":{"line":32,"column":2}},"2":{"start":{"line":6,"column":2},"end":{"line":6,"column":26}},"3":{"start":{"line":7,"column":2},"end":{"line":7,"column":23}},"4":{"start":{"line":8,"column":2},"end":{"line":12,"column":5}},"5":{"start":{"line":15,"column":2},"end":{"line":15,"column":27}},"6":{"start":{"line":18,"column":2},"end":{"line":30,"column":5}},"7":{"start":{"line":34,"column":0},"end":{"line":34,"column":32}}},"branchMap":{}},"C:\\Novatec_Workspace\\curso_nodejs\\routes\\api\\index.js":{"path":"C:\\Novatec_Workspace\\curso_nodejs\\routes\\api\\index.js","s":{"1":1,"2":1,"3":0,"4":1,"5":1},"b":{},"f":{"1":0},"fnMap":{"1":{"name":"(anonymous_1)","line":6,"loc":{"start":{"line":6,"column":16},"end":{"line":6,"column":49}}}},"statementMap":{"1":{"start":{"line":4,"column":0},"end":{"line":4,"column":41}},"2":{"start":{"line":6,"column":0},"end":{"line":8,"column":3}},"3":{"start":{"line":7,"column":1},"end":{"line":7,"column":23}},"4":{"start":{"line":9,"column":0},"end":{"line":9,"column":45}},"5":{"start":{"line":11,"column":0},"end":{"line":11,"column":24}}},"branchMap":{}},"C:\\Novatec_Workspace\\curso_nodejs\\routes\\api\\dragons.js":{"path":"C:\\Novatec_Workspace\\curso_nodejs\\routes\\api\\dragons.js","s":{"1":1,"2":1,"3":1,"4":1,"5":1,"6":1,"7":1,"8":1,"9":0,"10":0,"11":0,"12":0,"13":0,"14":0,"15":1},"b":{"1":[0,0]},"f":{"1":0},"fnMap":{"1":{"name":"validateParamId","line":14,"loc":{"start":{"line":14,"column":0},"end":{"line":14,"column":49}}}},"statementMap":{"1":{"start":{"line":5,"column":0},"end":{"line":5,"column":41}},"2":{"start":{"line":6,"column":0},"end":{"line":6,"column":68}},"3":{"start":{"line":8,"column":0},"end":{"line":8,"column":39}},"4":{"start":{"line":9,"column":0},"end":{"line":9,"column":46}},"5":{"start":{"line":10,"column":0},"end":{"line":10,"column":42}},"6":{"start":{"line":11,"column":0},"end":{"line":11,"column":44}},"7":{"start":{"line":12,"column":0},"end":{"line":12,"column":47}},"8":{"start":{"line":14,"column":0},"end":{"line":22,"column":1}},"9":{"start":{"line":15,"column":1},"end":{"line":15,"column":28}},"10":{"start":{"line":16,"column":1},"end":{"line":20,"column":2}},"11":{"start":{"line":17,"column":2},"end":{"line":17,"column":39}},"12":{"start":{"line":18,"column":2},"end":{"line":18,"column":21}},"13":{"start":{"line":19,"column":2},"end":{"line":19,"column":21}},"14":{"start":{"line":21,"column":1},"end":{"line":21,"column":8}},"15":{"start":{"line":24,"column":0},"end":{"line":24,"column":24}}},"branchMap":{"1":{"line":16,"type":"if","locations":[{"start":{"line":16,"column":1},"end":{"line":16,"column":1}},{"start":{"line":16,"column":1},"end":{"line":16,"column":1}}]}}},"C:\\Novatec_Workspace\\curso_nodejs\\controller\\DragonController.js":{"path":"C:\\Novatec_Workspace\\curso_nodejs\\controller\\DragonController.js","s":{"1":1,"2":1,"3":1,"4":1,"5":1,"6":0,"7":0,"8":0,"9":1,"10":1,"11":1,"12":1,"13":1,"14":1,"15":1,"16":1,"17":1,"18":1,"19":1,"20":0,"21":0,"22":1,"23":1,"24":1,"25":1,"26":1,"27":1,"28":1,"29":1},"b":{"1":[0,1]},"f":{"1":1,"2":1,"3":1,"4":1,"5":1,"6":1,"7":1,"8":1,"9":0,"10":1,"11":1,"12":1,"13":1},"fnMap":{"1":{"name":"handleNotFound","line":7,"loc":{"start":{"line":7,"column":0},"end":{"line":7,"column":32}}},"2":{"name":"(anonymous_2)","line":8,"loc":{"start":{"line":8,"column":8},"end":{"line":8,"column":22}}},"3":{"name":"(anonymous_3)","line":21,"loc":{"start":{"line":21,"column":7},"end":{"line":21,"column":41}}},"4":{"name":"(anonymous_4)","line":23,"loc":{"start":{"line":23,"column":8},"end":{"line":23,"column":22}}},"5":{"name":"(anonymous_5)","line":28,"loc":{"start":{"line":28,"column":11},"end":{"line":28,"column":45}}},"6":{"name":"(anonymous_6)","line":33,"loc":{"start":{"line":33,"column":8},"end":{"line":33,"column":22}}},"7":{"name":"(anonymous_7)","line":38,"loc":{"start":{"line":38,"column":9},"end":{"line":38,"column":43}}},"8":{"name":"(anonymous_8)","line":42,"loc":{"start":{"line":42,"column":8},"end":{"line":42,"column":22}}},"9":{"name":"(anonymous_9)","line":45,"loc":{"start":{"line":45,"column":9},"end":{"line":45,"column":22}}},"10":{"name":"(anonymous_10)","line":50,"loc":{"start":{"line":50,"column":10},"end":{"line":50,"column":44}}},"11":{"name":"(anonymous_11)","line":55,"loc":{"start":{"line":55,"column":8},"end":{"line":55,"column":22}}},"12":{"name":"(anonymous_12)","line":60,"loc":{"start":{"line":60,"column":9},"end":{"line":60,"column":43}}},"13":{"name":"(anonymous_13)","line":64,"loc":{"start":{"line":64,"column":8},"end":{"line":64,"column":22}}}},"statementMap":{"1":{"start":{"line":4,"column":0},"end":{"line":4,"column":35}},"2":{"start":{"line":5,"column":0},"end":{"line":5,"column":82}},"3":{"start":{"line":7,"column":0},"end":{"line":16,"column":1}},"4":{"start":{"line":8,"column":1},"end":{"line":15,"column":3}},"5":{"start":{"line":9,"column":2},"end":{"line":13,"column":3}},"6":{"start":{"line":10,"column":3},"end":{"line":10,"column":34}},"7":{"start":{"line":11,"column":3},"end":{"line":11,"column":22}},"8":{"start":{"line":12,"column":3},"end":{"line":12,"column":15}},"9":{"start":{"line":14,"column":2},"end":{"line":14,"column":14}},"10":{"start":{"line":18,"column":0},"end":{"line":18,"column":62}},"11":{"start":{"line":20,"column":0},"end":{"line":69,"column":2}},"12":{"start":{"line":22,"column":2},"end":{"line":26,"column":15}},"13":{"start":{"line":24,"column":3},"end":{"line":24,"column":23}},"14":{"start":{"line":29,"column":2},"end":{"line":29,"column":29}},"15":{"start":{"line":31,"column":2},"end":{"line":36,"column":15}},"16":{"start":{"line":34,"column":3},"end":{"line":34,"column":23}},"17":{"start":{"line":39,"column":2},"end":{"line":39,"column":26}},"18":{"start":{"line":41,"column":2},"end":{"line":48,"column":5}},"19":{"start":{"line":43,"column":3},"end":{"line":43,"column":35}},"20":{"start":{"line":46,"column":3},"end":{"line":46,"column":20}},"21":{"start":{"line":47,"column":3},"end":{"line":47,"column":13}},"22":{"start":{"line":51,"column":2},"end":{"line":51,"column":29}},"23":{"start":{"line":52,"column":2},"end":{"line":52,"column":26}},"24":{"start":{"line":54,"column":2},"end":{"line":58,"column":15}},"25":{"start":{"line":56,"column":3},"end":{"line":56,"column":23}},"26":{"start":{"line":61,"column":2},"end":{"line":61,"column":29}},"27":{"start":{"line":63,"column":2},"end":{"line":67,"column":15}},"28":{"start":{"line":65,"column":3},"end":{"line":65,"column":28}},"29":{"start":{"line":71,"column":0},"end":{"line":71,"column":34}}},"branchMap":{"1":{"line":9,"type":"if","locations":[{"start":{"line":9,"column":2},"end":{"line":9,"column":2}},{"start":{"line":9,"column":2},"end":{"line":9,"column":2}}]}}},"C:\\Novatec_Workspace\\curso_nodejs\\repository\\DragonRepository.js":{"path":"C:\\Novatec_Workspace\\curso_nodejs\\repository\\DragonRepository.js","s":{"1":1,"2":1,"3":1,"4":1,"5":1,"6":1,"7":1,"8":1,"9":1,"10":1,"11":1,"12":1,"13":1},"b":{},"f":{"1":1,"2":1,"3":1,"4":1,"5":1},"fnMap":{"1":{"name":"(anonymous_1)","line":12,"loc":{"start":{"line":12,"column":7},"end":{"line":12,"column":32}}},"2":{"name":"(anonymous_2)","line":15,"loc":{"start":{"line":15,"column":10},"end":{"line":15,"column":35}}},"3":{"name":"(anonymous_3)","line":18,"loc":{"start":{"line":18,"column":9},"end":{"line":18,"column":33}}},"4":{"name":"(anonymous_4)","line":22,"loc":{"start":{"line":22,"column":9},"end":{"line":22,"column":40}}},"5":{"name":"(anonymous_5)","line":29,"loc":{"start":{"line":29,"column":9},"end":{"line":29,"column":34}}}},"statementMap":{"1":{"start":{"line":4,"column":0},"end":{"line":4,"column":36}},"2":{"start":{"line":5,"column":0},"end":{"line":5,"column":39}},"3":{"start":{"line":7,"column":0},"end":{"line":7,"column":45}},"4":{"start":{"line":8,"column":0},"end":{"line":8,"column":53}},"5":{"start":{"line":9,"column":0},"end":{"line":9,"column":51}},"6":{"start":{"line":11,"column":0},"end":{"line":36,"column":2}},"7":{"start":{"line":13,"column":2},"end":{"line":13,"column":35}},"8":{"start":{"line":16,"column":2},"end":{"line":16,"column":38}},"9":{"start":{"line":19,"column":2},"end":{"line":19,"column":31}},"10":{"start":{"line":20,"column":2},"end":{"line":20,"column":24}},"11":{"start":{"line":27,"column":2},"end":{"line":27,"column":51}},"12":{"start":{"line":34,"column":2},"end":{"line":34,"column":37}},"13":{"start":{"line":38,"column":0},"end":{"line":38,"column":34}}},"branchMap":{}},"C:\\Novatec_Workspace\\curso_nodejs\\config\\mongo.js":{"path":"C:\\Novatec_Workspace\\curso_nodejs\\config\\mongo.js","s":{"1":1,"2":1,"3":1,"4":1,"5":1,"6":1,"7":1},"b":{},"f":{},"fnMap":{},"statementMap":{"1":{"start":{"line":4,"column":0},"end":{"line":4,"column":31}},"2":{"start":{"line":5,"column":0},"end":{"line":5,"column":33}},"3":{"start":{"line":8,"column":0},"end":{"line":8,"column":40}},"4":{"start":{"line":9,"column":0},"end":{"line":9,"column":36}},"5":{"start":{"line":10,"column":0},"end":{"line":10,"column":44}},"6":{"start":{"line":13,"column":0},"end":{"line":13,"column":50}},"7":{"start":{"line":15,"column":0},"end":{"line":15,"column":20}}},"branchMap":{}},"C:\\Novatec_Workspace\\curso_nodejs\\config\\mongoose.js":{"path":"C:\\Novatec_Workspace\\curso_nodejs\\config\\mongoose.js","s":{"1":1,"2":1,"3":1,"4":1,"5":1,"6":1,"7":1,"8":1},"b":{},"f":{},"fnMap":{},"statementMap":{"1":{"start":{"line":3,"column":0},"end":{"line":3,"column":13}},"2":{"start":{"line":5,"column":0},"end":{"line":5,"column":35}},"3":{"start":{"line":6,"column":0},"end":{"line":6,"column":31}},"4":{"start":{"line":8,"column":0},"end":{"line":8,"column":40}},"5":{"start":{"line":9,"column":0},"end":{"line":9,"column":36}},"6":{"start":{"line":10,"column":0},"end":{"line":10,"column":44}},"7":{"start":{"line":13,"column":0},"end":{"line":13,"column":59}},"8":{"start":{"line":15,"column":0},"end":{"line":15,"column":26}}},"branchMap":{}},"C:\\Novatec_Workspace\\curso_nodejs\\schema\\DragonSchema.js":{"path":"C:\\Novatec_Workspace\\curso_nodejs\\schema\\DragonSchema.js","s":{"1":1,"2":1,"3":1},"b":{},"f":{},"fnMap":{},"statementMap":{"1":{"start":{"line":4,"column":0},"end":{"line":4,"column":45}},"2":{"start":{"line":5,"column":0},"end":{"line":10,"column":3}},"3":{"start":{"line":12,"column":0},"end":{"line":12,"column":30}}},"branchMap":{}}}