TN:
SF:C:\Novatec_Workspace\curso_nodejs\app.js
FN:20,(anonymous_1)
FN:27,(anonymous_2)
FN:33,(anonymous_3)
FNF:3
FNH:3
FNDA:7,(anonymous_1)
FNDA:1,(anonymous_2)
FNDA:1,(anonymous_3)
DA:4,1
DA:5,1
DA:6,1
DA:7,1
DA:8,1
DA:10,1
DA:12,1
DA:17,1
DA:18,1
DA:20,1
DA:21,7
DA:22,7
DA:25,1
DA:27,1
DA:28,1
DA:29,1
DA:30,1
DA:33,1
DA:34,1
DA:37,1
LF:20
LH:20
BRDA:34,1,0,1
BRDA:34,1,1,0
BRF:2
BRH:1
end_of_record
TN:
SF:C:\Novatec_Workspace\curso_nodejs\routes\index.js
FNF:0
FNH:0
DA:4,1
DA:5,1
DA:8,1
DA:9,1
DA:11,1
DA:12,1
DA:14,1
LF:7
LH:7
BRF:0
BRH:0
end_of_record
TN:
SF:C:\Novatec_Workspace\curso_nodejs\controller\MainController.js
FN:5,(anonymous_1)
FN:14,(anonymous_2)
FN:17,(anonymous_3)
FNF:3
FNH:1
FNDA:1,(anonymous_1)
FNDA:0,(anonymous_2)
FNDA:0,(anonymous_3)
DA:4,1
DA:6,1
DA:7,1
DA:8,1
DA:15,0
DA:18,0
DA:34,1
LF:7
LH:5
BRF:0
BRH:0
end_of_record
TN:
SF:C:\Novatec_Workspace\curso_nodejs\routes\api\index.js
FN:6,(anonymous_1)
FNF:1
FNH:0
FNDA:0,(anonymous_1)
DA:4,1
DA:6,1
DA:7,0
DA:9,1
DA:11,1
LF:5
LH:4
BRF:0
BRH:0
end_of_record
TN:
SF:C:\Novatec_Workspace\curso_nodejs\routes\api\dragons.js
FN:14,validateParamId
FNF:1
FNH:0
FNDA:0,validateParamId
DA:5,1
DA:6,1
DA:8,1
DA:9,1
DA:10,1
DA:11,1
DA:12,1
DA:14,1
DA:15,0
DA:16,0
DA:17,0
DA:18,0
DA:19,0
DA:21,0
DA:24,1
LF:15
LH:9
BRDA:16,1,0,0
BRDA:16,1,1,0
BRF:2
BRH:0
end_of_record
TN:
SF:C:\Novatec_Workspace\curso_nodejs\controller\DragonController.js
FN:7,handleNotFound
FN:8,(anonymous_2)
FN:21,(anonymous_3)
FN:23,(anonymous_4)
FN:28,(anonymous_5)
FN:33,(anonymous_6)
FN:38,(anonymous_7)
FN:42,(anonymous_8)
FN:45,(anonymous_9)
FN:50,(anonymous_10)
FN:55,(anonymous_11)
FN:60,(anonymous_12)
FN:64,(anonymous_13)
FNF:13
FNH:12
FNDA:1,handleNotFound
FNDA:1,(anonymous_2)
FNDA:1,(anonymous_3)
FNDA:1,(anonymous_4)
FNDA:1,(anonymous_5)
FNDA:1,(anonymous_6)
FNDA:1,(anonymous_7)
FNDA:1,(anonymous_8)
FNDA:0,(anonymous_9)
FNDA:1,(anonymous_10)
FNDA:1,(anonymous_11)
FNDA:1,(anonymous_12)
FNDA:1,(anonymous_13)
DA:4,1
DA:5,1
DA:7,1
DA:8,1
DA:9,1
DA:10,0
DA:11,0
DA:12,0
DA:14,1
DA:18,1
DA:20,1
DA:22,1
DA:24,1
DA:29,1
DA:31,1
DA:34,1
DA:39,1
DA:41,1
DA:43,1
DA:46,0
DA:47,0
DA:51,1
DA:52,1
DA:54,1
DA:56,1
DA:61,1
DA:63,1
DA:65,1
DA:71,1
LF:29
LH:24
BRDA:9,1,0,0
BRDA:9,1,1,1
BRF:2
BRH:1
end_of_record
TN:
SF:C:\Novatec_Workspace\curso_nodejs\repository\DragonRepository.js
FN:12,(anonymous_1)
FN:15,(anonymous_2)
FN:18,(anonymous_3)
FN:22,(anonymous_4)
FN:29,(anonymous_5)
FNF:5
FNH:5
FNDA:1,(anonymous_1)
FNDA:1,(anonymous_2)
FNDA:1,(anonymous_3)
FNDA:1,(anonymous_4)
FNDA:1,(anonymous_5)
DA:4,1
DA:5,1
DA:7,1
DA:8,1
DA:9,1
DA:11,1
DA:13,1
DA:16,1
DA:19,1
DA:20,1
DA:27,1
DA:34,1
DA:38,1
LF:13
LH:13
BRF:0
BRH:0
end_of_record
TN:
SF:C:\Novatec_Workspace\curso_nodejs\config\mongo.js
FNF:0
FNH:0
DA:4,1
DA:5,1
DA:8,1
DA:9,1
DA:10,1
DA:13,1
DA:15,1
LF:7
LH:7
BRF:0
BRH:0
end_of_record
TN:
SF:C:\Novatec_Workspace\curso_nodejs\config\mongoose.js
FNF:0
FNH:0
DA:3,1
DA:5,1
DA:6,1
DA:8,1
DA:9,1
DA:10,1
DA:13,1
DA:15,1
LF:8
LH:8
BRF:0
BRH:0
end_of_record
TN:
SF:C:\Novatec_Workspace\curso_nodejs\schema\DragonSchema.js
FNF:0
FNH:0
DA:4,1
DA:5,1
DA:12,1
LF:3
LH:3
BRF:0
BRH:0
end_of_record
